# JRE version: Java(TM) SE Runtime Environment (8.0_181-b13) (build 1.8.0_181-b13)
# Java VM: Java HotSpot(TM) 64-Bit Server VM (25.181-b13 mixed mode windows-amd64 compressed oops)
Heap:
 PSYoungGen      total 322560K, used 159687K [0x00000000d5e00000, 0x00000000eb280000, 0x0000000100000000)
  eden space 312832K, 47% used [0x00000000d5e00000,0x00000000df08f9f8,0x00000000e8f80000)
  from space 9728K, 98% used [0x00000000ea900000,0x00000000eb262550,0x00000000eb280000)
  to   space 13824K, 0% used [0x00000000e9780000,0x00000000e9780000,0x00000000ea500000)
 ParOldGen       total 65024K, used 15408K [0x0000000081a00000, 0x0000000085980000, 0x00000000d5e00000)
  object space 65024K, 23% used [0x0000000081a00000,0x000000008290c198,0x0000000085980000)
 Metaspace       used 43139K, capacity 45056K, committed 45232K, reserved 1089536K
  class space    used 5607K, capacity 5960K, committed 6064K, reserved 1048576K
GC Heap History (10 events):
Event: 7.017 GC heap before
{Heap before GC invocations=8 (full 1):
 PSYoungGen      total 126464K, used 126312K [0x00000000d5e00000, 0x00000000def00000, 0x0000000100000000)
  eden space 119808K, 100% used [0x00000000d5e00000,0x00000000dd300000,0x00000000dd300000)
  from space 6656K, 97% used [0x00000000de880000,0x00000000deeda108,0x00000000def00000)
  to   space 8704K, 0% used [0x00000000dde00000,0x00000000dde00000,0x00000000de680000)
 ParOldGen       total 50688K, used 7932K [0x0000000081a00000, 0x0000000084b80000, 0x00000000d5e00000)
  object space 50688K, 15% used [0x0000000081a00000,0x00000000821bf1e0,0x0000000084b80000)
 Metaspace       used 28756K, capacity 29684K, committed 29744K, reserved 1075200K
  class space    used 3620K, capacity 3854K, committed 3888K, reserved 1048576K
Event: 7.032 GC heap after
Heap after GC invocations=8 (full 1):
 PSYoungGen      total 139776K, used 8693K [0x00000000d5e00000, 0x00000000e4480000, 0x0000000100000000)
  eden space 131072K, 0% used [0x00000000d5e00000,0x00000000d5e00000,0x00000000dde00000)
  from space 8704K, 99% used [0x00000000dde00000,0x00000000de67d6a0,0x00000000de680000)
  to   space 11776K, 0% used [0x00000000e3900000,0x00000000e3900000,0x00000000e4480000)
 ParOldGen       total 50688K, used 11555K [0x0000000081a00000, 0x0000000084b80000, 0x00000000d5e00000)
  object space 50688K, 22% used [0x0000000081a00000,0x0000000082548f68,0x0000000084b80000)
 Metaspace       used 28756K, capacity 29684K, committed 29744K, reserved 1075200K
  class space    used 3620K, capacity 3854K, committed 3888K, reserved 1048576K
}
Event: 8.571 GC heap before
{Heap before GC invocations=9 (full 1):
 PSYoungGen      total 139776K, used 139765K [0x00000000d5e00000, 0x00000000e4480000, 0x0000000100000000)
  eden space 131072K, 100% used [0x00000000d5e00000,0x00000000dde00000,0x00000000dde00000)
  from space 8704K, 99% used [0x00000000dde00000,0x00000000de67d6a0,0x00000000de680000)
  to   space 11776K, 0% used [0x00000000e3900000,0x00000000e3900000,0x00000000e4480000)
 ParOldGen       total 50688K, used 11555K [0x0000000081a00000, 0x0000000084b80000, 0x00000000d5e00000)
  object space 50688K, 22% used [0x0000000081a00000,0x0000000082548f68,0x0000000084b80000)
 Metaspace       used 34153K, capacity 35282K, committed 35496K, reserved 1081344K
  class space    used 4292K, capacity 4531K, committed 4656K, reserved 1048576K
Event: 8.584 GC heap after
Heap after GC invocations=9 (full 1):
 PSYoungGen      total 221696K, used 11771K [0x00000000d5e00000, 0x00000000e5880000, 0x0000000100000000)
  eden space 209920K, 0% used [0x00000000d5e00000,0x00000000d5e00000,0x00000000e2b00000)
  from space 11776K, 99% used [0x00000000e3900000,0x00000000e447ee10,0x00000000e4480000)
  to   space 14336K, 0% used [0x00000000e2b00000,0x00000000e2b00000,0x00000000e3900000)
 ParOldGen       total 50688K, used 14177K [0x0000000081a00000, 0x0000000084b80000, 0x00000000d5e00000)
  object space 50688K, 27% used [0x0000000081a00000,0x00000000827d8760,0x0000000084b80000)
 Metaspace       used 34153K, capacity 35282K, committed 35496K, reserved 1081344K
  class space    used 4292K, capacity 4531K, committed 4656K, reserved 1048576K
}
Event: 8.605 GC heap before
{Heap before GC invocations=10 (full 1):
 PSYoungGen      total 221696K, used 18358K [0x00000000d5e00000, 0x00000000e5880000, 0x0000000100000000)
  eden space 209920K, 3% used [0x00000000d5e00000,0x00000000d646eba8,0x00000000e2b00000)
  from space 11776K, 99% used [0x00000000e3900000,0x00000000e447ee10,0x00000000e4480000)
  to   space 14336K, 0% used [0x00000000e2b00000,0x00000000e2b00000,0x00000000e3900000)
 ParOldGen       total 50688K, used 14177K [0x0000000081a00000, 0x0000000084b80000, 0x00000000d5e00000)
  object space 50688K, 27% used [0x0000000081a00000,0x00000000827d8760,0x0000000084b80000)
 Metaspace       used 34185K, capacity 35284K, committed 35496K, reserved 1081344K
  class space    used 4296K, capacity 4532K, committed 4656K, reserved 1048576K
Event: 8.613 GC heap after
Heap after GC invocations=10 (full 1):
 PSYoungGen      total 224256K, used 8512K [0x00000000d5e00000, 0x00000000eb680000, 0x0000000100000000)
  eden space 209920K, 0% used [0x00000000d5e00000,0x00000000d5e00000,0x00000000e2b00000)
  from space 14336K, 59% used [0x00000000e2b00000,0x00000000e3350020,0x00000000e3900000)
  to   space 13824K, 0% used [0x00000000ea900000,0x00000000ea900000,0x00000000eb680000)
 ParOldGen       total 50688K, used 15813K [0x0000000081a00000, 0x0000000084b80000, 0x00000000d5e00000)
  object space 50688K, 31% used [0x0000000081a00000,0x00000000829717d0,0x0000000084b80000)
 Metaspace       used 34185K, capacity 35284K, committed 35496K, reserved 1081344K
  class space    used 4296K, capacity 4532K, committed 4656K, reserved 1048576K
}
Event: 8.614 GC heap before
{Heap before GC invocations=11 (full 2):
 PSYoungGen      total 224256K, used 8512K [0x00000000d5e00000, 0x00000000eb680000, 0x0000000100000000)
  eden space 209920K, 0% used [0x00000000d5e00000,0x00000000d5e00000,0x00000000e2b00000)
  from space 14336K, 59% used [0x00000000e2b00000,0x00000000e3350020,0x00000000e3900000)
  to   space 13824K, 0% used [0x00000000ea900000,0x00000000ea900000,0x00000000eb680000)
 ParOldGen       total 50688K, used 15813K [0x0000000081a00000, 0x0000000084b80000, 0x00000000d5e00000)
  object space 50688K, 31% used [0x0000000081a00000,0x00000000829717d0,0x0000000084b80000)
 Metaspace       used 34185K, capacity 35284K, committed 35496K, reserved 1081344K
  class space    used 4296K, capacity 4532K, committed 4656K, reserved 1048576K
Event: 8.685 GC heap after
Heap after GC invocations=11 (full 2):
 PSYoungGen      total 224256K, used 0K [0x00000000d5e00000, 0x00000000eb680000, 0x0000000100000000)
  eden space 209920K, 0% used [0x00000000d5e00000,0x00000000d5e00000,0x00000000e2b00000)
  from space 14336K, 0% used [0x00000000e2b00000,0x00000000e2b00000,0x00000000e3900000)
  to   space 13824K, 0% used [0x00000000ea900000,0x00000000ea900000,0x00000000eb680000)
 ParOldGen       total 65024K, used 15400K [0x0000000081a00000, 0x0000000085980000, 0x00000000d5e00000)
  object space 65024K, 23% used [0x0000000081a00000,0x000000008290a198,0x0000000085980000)
 Metaspace       used 34185K, capacity 35284K, committed 35496K, reserved 1081344K
  class space    used 4296K, capacity 4532K, committed 4656K, reserved 1048576K
}
Event: 11.087 GC heap before
{Heap before GC invocations=12 (full 2):
 PSYoungGen      total 224256K, used 209920K [0x00000000d5e00000, 0x00000000eb680000, 0x0000000100000000)
  eden space 209920K, 100% used [0x00000000d5e00000,0x00000000e2b00000,0x00000000e2b00000)
  from space 14336K, 0% used [0x00000000e2b00000,0x00000000e2b00000,0x00000000e3900000)
  to   space 13824K, 0% used [0x00000000ea900000,0x00000000ea900000,0x00000000eb680000)
 ParOldGen       total 65024K, used 15400K [0x0000000081a00000, 0x0000000085980000, 0x00000000d5e00000)
  object space 65024K, 23% used [0x0000000081a00000,0x000000008290a198,0x0000000085980000)
 Metaspace       used 40235K, capacity 41734K, committed 41904K, reserved 1085440K
  class space    used 5123K, capacity 5437K, committed 5552K, reserved 1048576K
Event: 11.103 GC heap after
Heap after GC invocations=12 (full 2):
 PSYoungGen      total 322560K, used 9609K [0x00000000d5e00000, 0x00000000eb280000, 0x0000000100000000)
  eden space 312832K, 0% used [0x00000000d5e00000,0x00000000d5e00000,0x00000000e8f80000)
  from space 9728K, 98% used [0x00000000ea900000,0x00000000eb262550,0x00000000eb280000)
  to   space 13824K, 0% used [0x00000000e9780000,0x00000000e9780000,0x00000000ea500000)
 ParOldGen       total 65024K, used 15408K [0x0000000081a00000, 0x0000000085980000, 0x00000000d5e00000)
  object space 65024K, 23% used [0x0000000081a00000,0x000000008290c198,0x0000000085980000)
 Metaspace       used 40235K, capacity 41734K, committed 41904K, reserved 1085440K
  class space    used 5123K, capacity 5437K, committed 5552K, reserved 1048576K
}

