# JRE version: Java(TM) SE Runtime Environment (8.0_181-b13) (build 1.8.0_181-b13)
# Java VM: Java HotSpot(TM) 64-Bit Server VM (25.181-b13 mixed mode windows-amd64 compressed oops)
Heap:
 PSYoungGen      total 321024K, used 63332K [0x00000000d5e00000, 0x00000000f3080000, 0x0000000100000000)
  eden space 307200K, 16% used [0x00000000d5e00000,0x00000000d8f45aa8,0x00000000e8a00000)
  from space 13824K, 93% used [0x00000000e8a00000,0x00000000e9693670,0x00000000e9780000)
  to   space 14848K, 0% used [0x00000000f2200000,0x00000000f2200000,0x00000000f3080000)
 ParOldGen       total 67072K, used 20759K [0x0000000081a00000, 0x0000000085b80000, 0x00000000d5e00000)
  object space 67072K, 30% used [0x0000000081a00000,0x0000000082e45e20,0x0000000085b80000)
 Metaspace       used 46563K, capacity 48826K, committed 49072K, reserved 1091584K
  class space    used 6093K, capacity 6501K, committed 6576K, reserved 1048576K
GC Heap History (10 events):
Event: 6.050 GC heap before
{Heap before GC invocations=9 (full 1):
 PSYoungGen      total 140288K, used 140272K [0x00000000d5e00000, 0x00000000e3880000, 0x0000000100000000)
  eden space 131584K, 100% used [0x00000000d5e00000,0x00000000dde80000,0x00000000dde80000)
  from space 8704K, 99% used [0x00000000dde80000,0x00000000de6fc1c8,0x00000000de700000)
  to   space 11264K, 0% used [0x00000000e2d80000,0x00000000e2d80000,0x00000000e3880000)
 ParOldGen       total 53760K, used 11218K [0x0000000081a00000, 0x0000000084e80000, 0x00000000d5e00000)
  object space 53760K, 20% used [0x0000000081a00000,0x00000000824f4bd8,0x0000000084e80000)
 Metaspace       used 34128K, capacity 35282K, committed 35496K, reserved 1081344K
  class space    used 4288K, capacity 4531K, committed 4656K, reserved 1048576K
Event: 6.063 GC heap after
Heap after GC invocations=9 (full 1):
 PSYoungGen      total 209408K, used 11236K [0x00000000d5e00000, 0x00000000e5600000, 0x0000000100000000)
  eden space 198144K, 0% used [0x00000000d5e00000,0x00000000d5e00000,0x00000000e1f80000)
  from space 11264K, 99% used [0x00000000e2d80000,0x00000000e3879378,0x00000000e3880000)
  to   space 14336K, 0% used [0x00000000e1f80000,0x00000000e1f80000,0x00000000e2d80000)
 ParOldGen       total 53760K, used 14364K [0x0000000081a00000, 0x0000000084e80000, 0x00000000d5e00000)
  object space 53760K, 26% used [0x0000000081a00000,0x0000000082807358,0x0000000084e80000)
 Metaspace       used 34128K, capacity 35282K, committed 35496K, reserved 1081344K
  class space    used 4288K, capacity 4531K, committed 4656K, reserved 1048576K
}
Event: 6.089 GC heap before
{Heap before GC invocations=10 (full 1):
 PSYoungGen      total 209408K, used 17497K [0x00000000d5e00000, 0x00000000e5600000, 0x0000000100000000)
  eden space 198144K, 3% used [0x00000000d5e00000,0x00000000d641d480,0x00000000e1f80000)
  from space 11264K, 99% used [0x00000000e2d80000,0x00000000e3879378,0x00000000e3880000)
  to   space 14336K, 0% used [0x00000000e1f80000,0x00000000e1f80000,0x00000000e2d80000)
 ParOldGen       total 53760K, used 14364K [0x0000000081a00000, 0x0000000084e80000, 0x00000000d5e00000)
  object space 53760K, 26% used [0x0000000081a00000,0x0000000082807358,0x0000000084e80000)
 Metaspace       used 34164K, capacity 35284K, committed 35496K, reserved 1081344K
  class space    used 4293K, capacity 4532K, committed 4656K, reserved 1048576K
Event: 6.118 GC heap after
Heap after GC invocations=10 (full 1):
 PSYoungGen      total 212480K, used 8352K [0x00000000d5e00000, 0x00000000ea980000, 0x0000000100000000)
  eden space 198144K, 0% used [0x00000000d5e00000,0x00000000d5e00000,0x00000000e1f80000)
  from space 14336K, 58% used [0x00000000e1f80000,0x00000000e27a8010,0x00000000e2d80000)
  to   space 13824K, 0% used [0x00000000e9c00000,0x00000000e9c00000,0x00000000ea980000)
 ParOldGen       total 53760K, used 16049K [0x0000000081a00000, 0x0000000084e80000, 0x00000000d5e00000)
  object space 53760K, 29% used [0x0000000081a00000,0x00000000829ac6c8,0x0000000084e80000)
 Metaspace       used 34164K, capacity 35284K, committed 35496K, reserved 1081344K
  class space    used 4293K, capacity 4532K, committed 4656K, reserved 1048576K
}
Event: 6.118 GC heap before
{Heap before GC invocations=11 (full 2):
 PSYoungGen      total 212480K, used 8352K [0x00000000d5e00000, 0x00000000ea980000, 0x0000000100000000)
  eden space 198144K, 0% used [0x00000000d5e00000,0x00000000d5e00000,0x00000000e1f80000)
  from space 14336K, 58% used [0x00000000e1f80000,0x00000000e27a8010,0x00000000e2d80000)
  to   space 13824K, 0% used [0x00000000e9c00000,0x00000000e9c00000,0x00000000ea980000)
 ParOldGen       total 53760K, used 16049K [0x0000000081a00000, 0x0000000084e80000, 0x00000000d5e00000)
  object space 53760K, 29% used [0x0000000081a00000,0x00000000829ac6c8,0x0000000084e80000)
 Metaspace       used 34164K, capacity 35284K, committed 35496K, reserved 1081344K
  class space    used 4293K, capacity 4532K, committed 4656K, reserved 1048576K
Event: 6.189 GC heap after
Heap after GC invocations=11 (full 2):
 PSYoungGen      total 212480K, used 0K [0x00000000d5e00000, 0x00000000ea980000, 0x0000000100000000)
  eden space 198144K, 0% used [0x00000000d5e00000,0x00000000d5e00000,0x00000000e1f80000)
  from space 14336K, 0% used [0x00000000e1f80000,0x00000000e1f80000,0x00000000e2d80000)
  to   space 13824K, 0% used [0x00000000e9c00000,0x00000000e9c00000,0x00000000ea980000)
 ParOldGen       total 67072K, used 15287K [0x0000000081a00000, 0x0000000085b80000, 0x00000000d5e00000)
  object space 67072K, 22% used [0x0000000081a00000,0x00000000828ede00,0x0000000085b80000)
 Metaspace       used 34164K, capacity 35284K, committed 35496K, reserved 1081344K
  class space    used 4293K, capacity 4532K, committed 4656K, reserved 1048576K
}
Event: 7.527 GC heap before
{Heap before GC invocations=12 (full 2):
 PSYoungGen      total 212480K, used 198144K [0x00000000d5e00000, 0x00000000ea980000, 0x0000000100000000)
  eden space 198144K, 100% used [0x00000000d5e00000,0x00000000e1f80000,0x00000000e1f80000)
  from space 14336K, 0% used [0x00000000e1f80000,0x00000000e1f80000,0x00000000e2d80000)
  to   space 13824K, 0% used [0x00000000e9c00000,0x00000000e9c00000,0x00000000ea980000)
 ParOldGen       total 67072K, used 15287K [0x0000000081a00000, 0x0000000085b80000, 0x00000000d5e00000)
  object space 67072K, 22% used [0x0000000081a00000,0x00000000828ede00,0x0000000085b80000)
 Metaspace       used 40053K, capacity 41556K, committed 41776K, reserved 1085440K
  class space    used 5099K, capacity 5424K, committed 5424K, reserved 1048576K
Event: 7.538 GC heap after
Heap after GC invocations=12 (full 2):
 PSYoungGen      total 309248K, used 9087K [0x00000000d5e00000, 0x00000000ea500000, 0x0000000100000000)
  eden space 300032K, 0% used [0x00000000d5e00000,0x00000000d5e00000,0x00000000e8300000)
  from space 9216K, 98% used [0x00000000e9c00000,0x00000000ea4dff08,0x00000000ea500000)
  to   space 13824K, 0% used [0x00000000e8a00000,0x00000000e8a00000,0x00000000e9780000)
 ParOldGen       total 67072K, used 15295K [0x0000000081a00000, 0x0000000085b80000, 0x00000000d5e00000)
  object space 67072K, 22% used [0x0000000081a00000,0x00000000828efe00,0x0000000085b80000)
 Metaspace       used 40053K, capacity 41556K, committed 41776K, reserved 1085440K
  class space    used 5099K, capacity 5424K, committed 5424K, reserved 1048576K
}
Event: 9.463 GC heap before
{Heap before GC invocations=13 (full 2):
 PSYoungGen      total 309248K, used 309119K [0x00000000d5e00000, 0x00000000ea500000, 0x0000000100000000)
  eden space 300032K, 100% used [0x00000000d5e00000,0x00000000e8300000,0x00000000e8300000)
  from space 9216K, 98% used [0x00000000e9c00000,0x00000000ea4dff08,0x00000000ea500000)
  to   space 13824K, 0% used [0x00000000e8a00000,0x00000000e8a00000,0x00000000e9780000)
 ParOldGen       total 67072K, used 15295K [0x0000000081a00000, 0x0000000085b80000, 0x00000000d5e00000)
  object space 67072K, 22% used [0x0000000081a00000,0x00000000828efe00,0x0000000085b80000)
 Metaspace       used 45601K, capacity 47846K, committed 47920K, reserved 1091584K
  class space    used 5970K, capacity 6395K, committed 6448K, reserved 1048576K
Event: 9.495 GC heap after
Heap after GC invocations=13 (full 2):
 PSYoungGen      total 321024K, used 12877K [0x00000000d5e00000, 0x00000000f3080000, 0x0000000100000000)
  eden space 307200K, 0% used [0x00000000d5e00000,0x00000000d5e00000,0x00000000e8a00000)
  from space 13824K, 93% used [0x00000000e8a00000,0x00000000e9693670,0x00000000e9780000)
  to   space 14848K, 0% used [0x00000000f2200000,0x00000000f2200000,0x00000000f3080000)
 ParOldGen       total 67072K, used 20759K [0x0000000081a00000, 0x0000000085b80000, 0x00000000d5e00000)
  object space 67072K, 30% used [0x0000000081a00000,0x0000000082e45e20,0x0000000085b80000)
 Metaspace       used 45601K, capacity 47846K, committed 47920K, reserved 1091584K
  class space    used 5970K, capacity 6395K, committed 6448K, reserved 1048576K
}

